  Camera.cpp
  Main.cpp
  MCG_GFX_Lib.cpp
C:\Users\User\Downloads\pooleigh\MCG_GFX_Framework\MCG_GFX_Lib.cpp(88,63): warning C4244: 'argument': conversion from 'T' to 'Uint8', possible loss of data
          with
          [
              T=float
          ]
C:\Users\User\Downloads\pooleigh\MCG_GFX_Framework\MCG_GFX_Lib.cpp(88,53): warning C4244: 'argument': conversion from 'T' to 'Uint8', possible loss of data
          with
          [
              T=float
          ]
C:\Users\User\Downloads\pooleigh\MCG_GFX_Framework\MCG_GFX_Lib.cpp(88,43): warning C4244: 'argument': conversion from 'T' to 'Uint8', possible loss of data
          with
          [
              T=float
          ]
C:\Users\User\Downloads\pooleigh\MCG_GFX_Framework\MCG_GFX_Lib.cpp(98,63): warning C4244: 'argument': conversion from 'T' to 'Uint8', possible loss of data
          with
          [
              T=float
          ]
C:\Users\User\Downloads\pooleigh\MCG_GFX_Framework\MCG_GFX_Lib.cpp(98,53): warning C4244: 'argument': conversion from 'T' to 'Uint8', possible loss of data
          with
          [
              T=float
          ]
C:\Users\User\Downloads\pooleigh\MCG_GFX_Framework\MCG_GFX_Lib.cpp(98,43): warning C4244: 'argument': conversion from 'T' to 'Uint8', possible loss of data
          with
          [
              T=float
          ]
  Generating Code...
LINK : fatal error LNK1104: cannot open file 'SDL2.obj'
