  Camera.cpp
  Main.cpp
C:\Users\User\Downloads\Raytracerassignment2022\Raytracer\MCG_GFX_Framework\Main.cpp(41,66): warning C4305: 'argument': truncation from 'double' to 'float'
C:\Users\User\Downloads\Raytracerassignment2022\Raytracer\MCG_GFX_Framework\Main.cpp(70,16): warning C4244: 'initializing': conversion from 'T' to 'int', possible loss of data
          with
          [
              T=float
          ]
  MCG_GFX_Lib.cpp
C:\Users\User\Downloads\Raytracerassignment2022\Raytracer\MCG_GFX_Framework\MCG_GFX_Lib.cpp(88,63): warning C4244: 'argument': conversion from 'T' to 'Uint8', possible loss of data
          with
          [
              T=float
          ]
C:\Users\User\Downloads\Raytracerassignment2022\Raytracer\MCG_GFX_Framework\MCG_GFX_Lib.cpp(88,53): warning C4244: 'argument': conversion from 'T' to 'Uint8', possible loss of data
          with
          [
              T=float
          ]
C:\Users\User\Downloads\Raytracerassignment2022\Raytracer\MCG_GFX_Framework\MCG_GFX_Lib.cpp(88,43): warning C4244: 'argument': conversion from 'T' to 'Uint8', possible loss of data
          with
          [
              T=float
          ]
C:\Users\User\Downloads\Raytracerassignment2022\Raytracer\MCG_GFX_Framework\MCG_GFX_Lib.cpp(98,63): warning C4244: 'argument': conversion from 'T' to 'Uint8', possible loss of data
          with
          [
              T=float
          ]
C:\Users\User\Downloads\Raytracerassignment2022\Raytracer\MCG_GFX_Framework\MCG_GFX_Lib.cpp(98,53): warning C4244: 'argument': conversion from 'T' to 'Uint8', possible loss of data
          with
          [
              T=float
          ]
C:\Users\User\Downloads\Raytracerassignment2022\Raytracer\MCG_GFX_Framework\MCG_GFX_Lib.cpp(98,43): warning C4244: 'argument': conversion from 'T' to 'Uint8', possible loss of data
          with
          [
              T=float
          ]
  Raytracer.cpp
  sphere.cpp
C:\Users\User\Downloads\Raytracerassignment2022\Raytracer\MCG_GFX_Framework\sphere.cpp(89,16): warning C4244: 'initializing': conversion from 'double' to 'float', possible loss of data
LINK : fatal error LNK1181: cannot open input file 'SDL2.obj'
